<?xml version="1.0" encoding="UTF-8"?>
<testsuite xmlns:xsi="http://www.w3.org/2001/XMLSchema-instance" xsi:noNamespaceSchemaLocation="https://maven.apache.org/surefire/maven-surefire-plugin/xsd/surefire-test-report.xsd" name="com.products.api.productsapi.persistence.ProductFileDAOTest" time="0.016" tests="12" errors="0" skipped="0" failures="0">
  <properties>
[...]
</properties>
  <testcase name="testUpdateProductFailed" classname="com.products.api.productsapi.persistence.ProductFileDAOTest" time="0"/>
  <testcase name="testGetProductNotFound" classname="com.products.api.productsapi.persistence.ProductFileDAOTest" time="0.001"/>
  <testcase name="testCreateProduct" classname="com.products.api.productsapi.persistence.ProductFileDAOTest" time="0.002"/>
  <testcase name="testGetProduct" classname="com.products.api.productsapi.persistence.ProductFileDAOTest" time="0.001"/>
  <testcase name="testUpdateProduct" classname="com.products.api.productsapi.persistence.ProductFileDAOTest" time="0.001"/>
  <testcase name="testUniqueIds" classname="com.products.api.productsapi.persistence.ProductFileDAOTest" time="0.002"/>
  <testcase name="testFindProducts" classname="com.products.api.productsapi.persistence.ProductFileDAOTest" time="0.001"/>
  <testcase name="testGetProducts" classname="com.products.api.productsapi.persistence.ProductFileDAOTest" time="0.001"/>
  <testcase name="testSaveException" classname="com.products.api.productsapi.persistence.ProductFileDAOTest" time="0.002"/>
  <testcase name="testDeleteProduct" classname="com.products.api.productsapi.persistence.ProductFileDAOTest" time="0.002"/>
  <testcase name="testDeleteProductNotFound" classname="com.products.api.productsapi.persistence.ProductFileDAOTest" time="0.001"/>
  <testcase name="testConstructorException" classname="com.products.api.productsapi.persistence.ProductFileDAOTest" time="0.002"/>
</testsuite>